<?xml version="1.0" encoding="UTF-8"?>
<testng-results ignored="0" total="10" passed="10" failed="0" skipped="0">
  <reporter-output>
  </reporter-output>
  <suite started-at="2024-11-25T13:41:53 BDT" name="Default suite" finished-at="2024-11-25T13:54:41 BDT" duration-ms="767825">
    <groups>
    </groups>
    <test started-at="2024-11-25T13:41:53 BDT" name="Default test" finished-at="2024-11-25T13:54:41 BDT" duration-ms="767825">
      <class name="ApiDemosFeatures.Preference1">
        <test-method is-config="true" signature="setup()[pri:0, instance:ApiDemosFeatures.Preference1@909217e]" started-at="2024-11-25T13:41:53 BDT" name="setup" finished-at="2024-11-25T13:42:04 BDT" duration-ms="11209" status="PASS">
          <reporter-output>
          </reporter-output>
        </test-method> <!-- setup -->
        <test-method signature="testAdvancedPreferencesSection()[pri:0, instance:ApiDemosFeatures.Preference1@909217e]" started-at="2024-11-25T13:42:04 BDT" name="testAdvancedPreferencesSection" finished-at="2024-11-25T13:42:15 BDT" duration-ms="10383" status="PASS">
          <reporter-output>
          </reporter-output>
        </test-method> <!-- testAdvancedPreferencesSection -->
        <test-method signature="testDefaultValuesSection()[pri:0, instance:ApiDemosFeatures.Preference1@909217e]" started-at="2024-11-25T13:42:15 BDT" name="testDefaultValuesSection" finished-at="2024-11-25T13:42:25 BDT" duration-ms="10275" status="PASS">
          <reporter-output>
          </reporter-output>
        </test-method> <!-- testDefaultValuesSection -->
        <test-method signature="testFragmentSection()[pri:0, instance:ApiDemosFeatures.Preference1@909217e]" started-at="2024-11-25T13:42:25 BDT" name="testFragmentSection" finished-at="2024-11-25T13:42:35 BDT" duration-ms="10176" status="PASS">
          <reporter-output>
          </reporter-output>
        </test-method> <!-- testFragmentSection -->
        <test-method signature="testHeadersSection()[pri:0, instance:ApiDemosFeatures.Preference1@909217e]" started-at="2024-11-25T13:42:35 BDT" name="testHeadersSection" finished-at="2024-11-25T13:42:46 BDT" duration-ms="10220" status="PASS">
          <reporter-output>
          </reporter-output>
        </test-method> <!-- testHeadersSection -->
        <test-method signature="testLaunchingPreferencesSection()[pri:0, instance:ApiDemosFeatures.Preference1@909217e]" started-at="2024-11-25T13:42:46 BDT" name="testLaunchingPreferencesSection" finished-at="2024-11-25T13:42:56 BDT" duration-ms="10185" status="PASS">
          <reporter-output>
          </reporter-output>
        </test-method> <!-- testLaunchingPreferencesSection -->
        <test-method signature="testPreferenceDependenciesSection()[pri:0, instance:ApiDemosFeatures.Preference1@909217e]" started-at="2024-11-25T13:42:56 BDT" name="testPreferenceDependenciesSection" finished-at="2024-11-25T13:43:06 BDT" duration-ms="10169" status="PASS">
          <reporter-output>
          </reporter-output>
        </test-method> <!-- testPreferenceDependenciesSection -->
        <test-method signature="testPreferenceSection()[pri:0, instance:ApiDemosFeatures.Preference1@909217e]" started-at="2024-11-25T13:43:06 BDT" name="testPreferenceSection" finished-at="2024-11-25T13:43:47 BDT" duration-ms="40598" status="PASS">
          <reporter-output>
          </reporter-output>
        </test-method> <!-- testPreferenceSection -->
        <test-method signature="testPreferenceXMLSection()[pri:0, instance:ApiDemosFeatures.Preference1@909217e]" started-at="2024-11-25T13:43:47 BDT" name="testPreferenceXMLSection" finished-at="2024-11-25T13:46:00 BDT" duration-ms="133095" status="PASS">
          <reporter-output>
          </reporter-output>
        </test-method> <!-- testPreferenceXMLSection -->
        <test-method signature="testPreferencesFromCodeSection()[pri:0, instance:ApiDemosFeatures.Preference1@909217e]" started-at="2024-11-25T13:46:00 BDT" name="testPreferencesFromCodeSection" finished-at="2024-11-25T13:51:45 BDT" duration-ms="345416" status="PASS">
          <reporter-output>
          </reporter-output>
        </test-method> <!-- testPreferencesFromCodeSection -->
        <test-method signature="testSwitchSection()[pri:0, instance:ApiDemosFeatures.Preference1@909217e]" started-at="2024-11-25T13:51:45 BDT" name="testSwitchSection" finished-at="2024-11-25T13:54:41 BDT" duration-ms="176029" status="PASS">
          <reporter-output>
          </reporter-output>
        </test-method> <!-- testSwitchSection -->
      </class> <!-- ApiDemosFeatures.Preference1 -->
    </test> <!-- Default test -->
  </suite> <!-- Default suite -->
</testng-results>
