<?xml version="1.0" encoding="UTF-8"?>
<!-- Generated by org.testng.reporters.JUnitXMLReporter -->
<testsuite ignored="0" hostname="DESKTOP-AN6727N" failures="0" tests="10" name="Default test" time="767.825" errors="0" timestamp="2024-11-25T13:54:41 BDT">
  <testcase classname="ApiDemosFeatures.Preference1" name="testAdvancedPreferencesSection" time="10.383"/>
  <testcase classname="ApiDemosFeatures.Preference1" name="testDefaultValuesSection" time="10.275"/>
  <testcase classname="ApiDemosFeatures.Preference1" name="testFragmentSection" time="10.176"/>
  <testcase classname="ApiDemosFeatures.Preference1" name="testHeadersSection" time="10.22"/>
  <testcase classname="ApiDemosFeatures.Preference1" name="testLaunchingPreferencesSection" time="10.185"/>
  <testcase classname="ApiDemosFeatures.Preference1" name="testPreferenceDependenciesSection" time="10.169"/>
  <testcase classname="ApiDemosFeatures.Preference1" name="testPreferenceSection" time="40.598"/>
  <testcase classname="ApiDemosFeatures.Preference1" name="testPreferenceXMLSection" time="133.095"/>
  <testcase classname="ApiDemosFeatures.Preference1" name="testPreferencesFromCodeSection" time="345.416"/>
  <testcase classname="ApiDemosFeatures.Preference1" name="testSwitchSection" time="176.029"/>
</testsuite> <!-- Default test -->
